

Microchip Technology PIC LITE Macro Assembler V1.33 build 59893 
                                                                                               Wed Mar 04 23:07:13 2026

Microchip Technology Omniscient Code Generator (Lite mode) build 59893
     1                           	processor	16F877A
     2                           	opt	pw 120
     3                           	opt	lm
     4                           	psect	text0,local,class=CODE,merge=1,delta=2
     5                           	psect	cinit,global,class=CODE,merge=1,delta=2
     6                           	psect	cstackCOMMON,global,class=COMMON,space=1,delta=1
     7                           	psect	maintext,global,class=CODE,split=1,delta=2
     8                           	psect	text1,local,class=CODE,merge=1,delta=2
     9                           	psect	text2,local,class=CODE,merge=1,delta=2
    10                           	psect	text3,local,class=CODE,merge=1,delta=2
    11                           	psect	text4,local,class=CODE,merge=1,delta=2
    12                           	dabs	1,0x7E,2
    13  0000                     	;# 
    14  0001                     	;# 
    15  0002                     	;# 
    16  0003                     	;# 
    17  0004                     	;# 
    18  0005                     	;# 
    19  0006                     	;# 
    20  0007                     	;# 
    21  0008                     	;# 
    22  0009                     	;# 
    23  000A                     	;# 
    24  000B                     	;# 
    25  000C                     	;# 
    26  000D                     	;# 
    27  000E                     	;# 
    28  000E                     	;# 
    29  000F                     	;# 
    30  0010                     	;# 
    31  0011                     	;# 
    32  0012                     	;# 
    33  0013                     	;# 
    34  0014                     	;# 
    35  0015                     	;# 
    36  0015                     	;# 
    37  0016                     	;# 
    38  0017                     	;# 
    39  0018                     	;# 
    40  0019                     	;# 
    41  001A                     	;# 
    42  001B                     	;# 
    43  001B                     	;# 
    44  001C                     	;# 
    45  001D                     	;# 
    46  001E                     	;# 
    47  001F                     	;# 
    48  0081                     	;# 
    49  0085                     	;# 
    50  0086                     	;# 
    51  0087                     	;# 
    52  0088                     	;# 
    53  0089                     	;# 
    54  008C                     	;# 
    55  008D                     	;# 
    56  008E                     	;# 
    57  0091                     	;# 
    58  0092                     	;# 
    59  0093                     	;# 
    60  0094                     	;# 
    61  0098                     	;# 
    62  0099                     	;# 
    63  009C                     	;# 
    64  009D                     	;# 
    65  009E                     	;# 
    66  009F                     	;# 
    67  010C                     	;# 
    68  010D                     	;# 
    69  010E                     	;# 
    70  010F                     	;# 
    71  018C                     	;# 
    72  018D                     	;# 
    73  0005                     _PORTA	set	5
    74  0006                     _PORTB	set	6
    75  0008                     _PORTD	set	8
    76  0038                     _RC0	set	56
    77  0039                     _RC1	set	57
    78  0044                     _RD4	set	68
    79  0086                     _TRISB	set	134
    80  0087                     _TRISC	set	135
    81  0088                     _TRISD	set	136
    82                           
    83                           	psect	text0
    84  0000                     __ptext0:	
    85                           ; #config settings
    86                           
    87                           
    88                           ;psect for function _delay
    89  0000                     
    90                           	psect	cinit
    91  07FC                     start_initialization:	
    92  07FC                     __initialization:	
    93  07FC                     end_of_initialization:	
    94                           ;End of C runtime variable initialization code
    95                           
    96  07FC                     __end_of__initialization:	
    97  07FC  0183               	clrf	3
    98  07FD  120A  118A  2EAE   	ljmp	_main	;jump to C main() function
    99                           
   100                           	psect	cstackCOMMON
   101  0070                     __pcstackCOMMON:	
   102  0070                     ?_delay:	
   103  0070                     ?_instCtrl:	
   104                           ; 0 bytes @ 0x0
   105                           
   106  0070                     ?_dataCtrl:	
   107                           ; 0 bytes @ 0x0
   108                           
   109  0070                     ?_initLCD:	
   110                           ; 0 bytes @ 0x0
   111                           
   112  0070                     ?_main:	
   113                           ; 0 bytes @ 0x0
   114                           
   115  0070                     delay@MUL:	
   116                           ; 0 bytes @ 0x0
   117                           
   118                           
   119                           ; 2 bytes @ 0x0
   120  0070                     	ds	2
   121  0072                     ??_delay:	
   122  0072                     delay@i:	
   123                           ; 0 bytes @ 0x2
   124                           
   125                           
   126                           ; 2 bytes @ 0x2
   127  0072                     	ds	2
   128  0074                     delay@j:	
   129                           
   130                           ; 2 bytes @ 0x4
   131  0074                     	ds	2
   132  0076                     ??_instCtrl:	
   133  0076                     ??_dataCtrl:	
   134                           ; 0 bytes @ 0x6
   135                           
   136  0076                     instCtrl@INST:	
   137                           ; 0 bytes @ 0x6
   138                           
   139  0076                     dataCtrl@DATA:	
   140                           ; 1 bytes @ 0x6
   141                           
   142                           
   143                           ; 1 bytes @ 0x6
   144  0076                     	ds	1
   145  0077                     ??_initLCD:	
   146  0077                     ??_main:	
   147                           ; 0 bytes @ 0x7
   148                           
   149                           
   150                           ; 0 bytes @ 0x7
   151  0077                     	ds	1
   152  0078                     main@charCount:	
   153                           
   154                           ; 2 bytes @ 0x8
   155  0078                     	ds	2
   156  007A                     main@rowCount:	
   157                           
   158                           ; 2 bytes @ 0xA
   159  007A                     	ds	2
   160  007C                     main@VAL:	
   161                           
   162                           ; 1 bytes @ 0xC
   163  007C                     	ds	1
   164                           
   165                           	psect	maintext
   166  06AE                     __pmaintext:	
   167 ;;
   168 ;;Main: autosize = 0, tempsize = 1, incstack = 0, save=0
   169 ;;
   170 ;; *************** function _main *****************
   171 ;; Defined at:
   172 ;;		line 51 in file "C:\Users\parra\OneDrive\Desktop\Folders\School\CPE3201\PracAct#2\Version2\LE2-3.c"
   173 ;; Parameters:    Size  Location     Type
   174 ;;		None
   175 ;; Auto vars:     Size  Location     Type
   176 ;;  rowCount        2   10[COMMON] unsigned int 
   177 ;;  charCount       2    8[COMMON] unsigned int 
   178 ;;  VAL             1   12[COMMON] unsigned char 
   179 ;; Return value:  Size  Location     Type
   180 ;;		None               void
   181 ;; Registers used:
   182 ;;		wreg, status,2, status,0, pclath, cstack
   183 ;; Tracked objects:
   184 ;;		On entry : 17F/0
   185 ;;		On exit  : 0/0
   186 ;;		Unchanged: 0/0
   187 ;; Data sizes:     COMMON   BANK0   BANK1   BANK3   BANK2
   188 ;;      Params:         0       0       0       0       0
   189 ;;      Locals:         5       0       0       0       0
   190 ;;      Temps:          1       0       0       0       0
   191 ;;      Totals:         6       0       0       0       0
   192 ;;Total ram usage:        6 bytes
   193 ;; Hardware stack levels required when called:    3
   194 ;; This function calls:
   195 ;;		_dataCtrl
   196 ;;		_delay
   197 ;;		_initLCD
   198 ;;		_instCtrl
   199 ;; This function is called by:
   200 ;;		Startup code after reset
   201 ;; This function uses a non-reentrant model
   202 ;;
   203                           
   204                           
   205                           ;psect for function _main
   206  06AE                     _main:	
   207                           
   208                           ;LE2-3.c: 53: TRISB = 0x00;
   209                           
   210                           ;incstack = 0
   211                           ; Regs used in _main: [wreg+status,2+status,0+pclath+cstack]
   212  06AE  1683               	bsf	3,5	;RP0=1, select bank1
   213  06AF  1303               	bcf	3,6	;RP1=0, select bank1
   214  06B0  0186               	clrf	6	;volatile
   215                           
   216                           ;LE2-3.c: 54: TRISC = 0x00;
   217  06B1  0187               	clrf	7	;volatile
   218                           
   219                           ;LE2-3.c: 55: TRISD = 0xFF;
   220  06B2  30FF               	movlw	255
   221  06B3  0088               	movwf	8	;volatile
   222                           
   223                           ;LE2-3.c: 57: unsigned char VAL;
   224                           ;LE2-3.c: 58: unsigned int charCount = 0;
   225  06B4  01F8               	clrf	main@charCount
   226  06B5  01F9               	clrf	main@charCount+1
   227                           
   228                           ;LE2-3.c: 59: unsigned int rowCount = 1;
   229  06B6  3001               	movlw	1
   230  06B7  00FA               	movwf	main@rowCount
   231  06B8  3000               	movlw	0
   232  06B9  00FB               	movwf	main@rowCount+1
   233                           
   234                           ;LE2-3.c: 61: initLCD();
   235  06BA  120A  118A  2661  120A  118A  	fcall	_initLCD
   236                           
   237                           ;LE2-3.c: 62: instCtrl(0x80);
   238  06BF  3080               	movlw	128
   239  06C0  120A  118A  264F  120A  118A  	fcall	_instCtrl
   240  06C5                     l568:	
   241                           ;LE2-3.c: 64: while (1)
   242                           
   243                           
   244                           ;LE2-3.c: 65: {
   245                           ;LE2-3.c: 66: delay(100);
   246  06C5  3064               	movlw	100
   247  06C6  00F0               	movwf	delay@MUL
   248  06C7  3000               	movlw	0
   249  06C8  00F1               	movwf	delay@MUL+1
   250  06C9  120A  118A  2687  120A  118A  	fcall	_delay
   251                           
   252                           ;LE2-3.c: 68: if (RD4 == 1)
   253  06CE  1283               	bcf	3,5	;RP0=0, select bank0
   254  06CF  1303               	bcf	3,6	;RP1=0, select bank0
   255  06D0  1E08               	btfss	8,4	;volatile
   256  06D1  2EC5               	goto	l568
   257                           
   258                           ;LE2-3.c: 69: {
   259                           ;LE2-3.c: 70: VAL = PORTD & 0x0F;
   260  06D2  0808               	movf	8,w	;volatile
   261  06D3  390F               	andlw	15
   262  06D4  00F7               	movwf	??_main
   263  06D5  0877               	movf	??_main,w
   264  06D6  00FC               	movwf	main@VAL
   265                           
   266                           ;LE2-3.c: 72: if (charCount == 20)
   267  06D7  3014               	movlw	20
   268  06D8  0678               	xorwf	main@charCount,w
   269  06D9  0479               	iorwf	main@charCount+1,w
   270  06DA  1D03               	skipz
   271  06DB  2F13               	goto	l608
   272                           
   273                           ;LE2-3.c: 73: {
   274                           ;LE2-3.c: 74: if (rowCount == 1)
   275  06DC  3001               	movlw	1
   276  06DD  067A               	xorwf	main@rowCount,w
   277  06DE  047B               	iorwf	main@rowCount+1,w
   278  06DF  1D03               	skipz
   279  06E0  2EE3               	goto	l584
   280                           
   281                           ;LE2-3.c: 75: {
   282                           ;LE2-3.c: 76: instCtrl(0xC0);
   283  06E1  30C0               	movlw	192
   284  06E2  2EF0               	goto	L2
   285  06E3                     l584:	
   286                           ;LE2-3.c: 79: }
   287                           
   288                           ;LE2-3.c: 78: charCount = 0;
   289                           
   290                           ;LE2-3.c: 77: rowCount++;
   291                           
   292                           
   293                           ;LE2-3.c: 80: else if (rowCount == 2)
   294  06E3  3002               	movlw	2
   295  06E4  067A               	xorwf	main@rowCount,w
   296  06E5  047B               	iorwf	main@rowCount+1,w
   297  06E6  1D03               	skipz
   298  06E7  2EEA               	goto	l592
   299                           
   300                           ;LE2-3.c: 81: {
   301                           ;LE2-3.c: 82: instCtrl(0x94);
   302  06E8  3094               	movlw	148
   303  06E9  2EF0               	goto	L2
   304  06EA                     l592:	
   305                           ;LE2-3.c: 85: }
   306                           
   307                           ;LE2-3.c: 84: charCount = 0;
   308                           
   309                           ;LE2-3.c: 83: rowCount++;
   310                           
   311                           
   312                           ;LE2-3.c: 86: else if (rowCount == 3)
   313  06EA  3003               	movlw	3
   314  06EB  067A               	xorwf	main@rowCount,w
   315  06EC  047B               	iorwf	main@rowCount+1,w
   316  06ED  1D03               	skipz
   317  06EE  2EFC               	goto	l600
   318                           
   319                           ;LE2-3.c: 87: {
   320                           ;LE2-3.c: 88: instCtrl(0xD4);
   321  06EF  30D4               	movlw	212
   322  06F0                     L2:	
   323  06F0  120A  118A  264F  120A  118A  	fcall	_instCtrl
   324                           
   325                           ;LE2-3.c: 89: rowCount++;
   326  06F5  3001               	movlw	1
   327  06F6  07FA               	addwf	main@rowCount,f
   328  06F7  1803               	skipnc
   329  06F8  0AFB               	incf	main@rowCount+1,f
   330  06F9  3000               	movlw	0
   331  06FA  07FB               	addwf	main@rowCount+1,f
   332  06FB  2F11               	goto	l606
   333  06FC                     l600:	
   334                           ;LE2-3.c: 91: }
   335                           
   336                           ;LE2-3.c: 90: charCount = 0;
   337                           
   338                           
   339                           ;LE2-3.c: 92: else if (rowCount == 4)
   340  06FC  3004               	movlw	4
   341  06FD  067A               	xorwf	main@rowCount,w
   342  06FE  047B               	iorwf	main@rowCount+1,w
   343  06FF  1D03               	skipz
   344  0700  2F13               	goto	l608
   345                           
   346                           ;LE2-3.c: 93: {
   347                           ;LE2-3.c: 94: instCtrl(0x01);
   348  0701  3001               	movlw	1
   349  0702  120A  118A  264F  120A  118A  	fcall	_instCtrl
   350                           
   351                           ;LE2-3.c: 95: instCtrl(0x80);
   352  0707  3080               	movlw	128
   353  0708  120A  118A  264F  120A  118A  	fcall	_instCtrl
   354                           
   355                           ;LE2-3.c: 96: rowCount = 1;
   356  070D  3001               	movlw	1
   357  070E  00FA               	movwf	main@rowCount
   358  070F  3000               	movlw	0
   359  0710  00FB               	movwf	main@rowCount+1
   360  0711                     l606:	
   361                           
   362                           ;LE2-3.c: 97: charCount = 0;
   363  0711  01F8               	clrf	main@charCount
   364  0712  01F9               	clrf	main@charCount+1
   365  0713                     l608:	
   366                           
   367                           ;LE2-3.c: 98: }
   368                           ;LE2-3.c: 99: }
   369                           ;LE2-3.c: 101: if (VAL == 0x00)
   370  0713  08FC               	movf	main@VAL,f
   371  0714  1D03               	skipz
   372  0715  2F26               	goto	l616
   373                           
   374                           ;LE2-3.c: 102: {
   375                           ;LE2-3.c: 103: PORTA = 0x01;
   376  0716  3001               	movlw	1
   377  0717  1283               	bcf	3,5	;RP0=0, select bank0
   378  0718  1303               	bcf	3,6	;RP1=0, select bank0
   379  0719  0085               	movwf	5	;volatile
   380                           
   381                           ;LE2-3.c: 104: dataCtrl('1');
   382  071A  3031               	movlw	49
   383  071B  120A  118A  263D  120A  118A  	fcall	_dataCtrl
   384                           
   385                           ;LE2-3.c: 105: charCount++;
   386  0720  3001               	movlw	1
   387  0721  07F8               	addwf	main@charCount,f
   388  0722  1803               	skipnc
   389  0723  0AF9               	incf	main@charCount+1,f
   390  0724  3000               	movlw	0
   391  0725  07F9               	addwf	main@charCount+1,f
   392  0726                     l616:	
   393                           
   394                           ;LE2-3.c: 106: }
   395                           ;LE2-3.c: 108: if (VAL == 0x01)
   396  0726  087C               	movf	main@VAL,w
   397  0727  3A01               	xorlw	1
   398  0728  1D03               	skipz
   399  0729  2F3A               	goto	l624
   400                           
   401                           ;LE2-3.c: 109: {
   402                           ;LE2-3.c: 110: PORTA = 0x02;
   403  072A  3002               	movlw	2
   404  072B  1283               	bcf	3,5	;RP0=0, select bank0
   405  072C  1303               	bcf	3,6	;RP1=0, select bank0
   406  072D  0085               	movwf	5	;volatile
   407                           
   408                           ;LE2-3.c: 111: dataCtrl('2');
   409  072E  3032               	movlw	50
   410  072F  120A  118A  263D  120A  118A  	fcall	_dataCtrl
   411                           
   412                           ;LE2-3.c: 112: charCount++;
   413  0734  3001               	movlw	1
   414  0735  07F8               	addwf	main@charCount,f
   415  0736  1803               	skipnc
   416  0737  0AF9               	incf	main@charCount+1,f
   417  0738  3000               	movlw	0
   418  0739  07F9               	addwf	main@charCount+1,f
   419  073A                     l624:	
   420                           
   421                           ;LE2-3.c: 113: }
   422                           ;LE2-3.c: 115: if (VAL == 0x02)
   423  073A  087C               	movf	main@VAL,w
   424  073B  3A02               	xorlw	2
   425  073C  1D03               	skipz
   426  073D  2F4E               	goto	l632
   427                           
   428                           ;LE2-3.c: 116: {
   429                           ;LE2-3.c: 117: PORTA = 0x03;
   430  073E  3003               	movlw	3
   431  073F  1283               	bcf	3,5	;RP0=0, select bank0
   432  0740  1303               	bcf	3,6	;RP1=0, select bank0
   433  0741  0085               	movwf	5	;volatile
   434                           
   435                           ;LE2-3.c: 118: dataCtrl('3');
   436  0742  3033               	movlw	51
   437  0743  120A  118A  263D  120A  118A  	fcall	_dataCtrl
   438                           
   439                           ;LE2-3.c: 119: charCount++;
   440  0748  3001               	movlw	1
   441  0749  07F8               	addwf	main@charCount,f
   442  074A  1803               	skipnc
   443  074B  0AF9               	incf	main@charCount+1,f
   444  074C  3000               	movlw	0
   445  074D  07F9               	addwf	main@charCount+1,f
   446  074E                     l632:	
   447                           
   448                           ;LE2-3.c: 120: }
   449                           ;LE2-3.c: 122: if (VAL == 0x04)
   450  074E  087C               	movf	main@VAL,w
   451  074F  3A04               	xorlw	4
   452  0750  1D03               	skipz
   453  0751  2F62               	goto	l640
   454                           
   455                           ;LE2-3.c: 123: {
   456                           ;LE2-3.c: 124: PORTA = 0x04;
   457  0752  3004               	movlw	4
   458  0753  1283               	bcf	3,5	;RP0=0, select bank0
   459  0754  1303               	bcf	3,6	;RP1=0, select bank0
   460  0755  0085               	movwf	5	;volatile
   461                           
   462                           ;LE2-3.c: 125: dataCtrl('4');
   463  0756  3034               	movlw	52
   464  0757  120A  118A  263D  120A  118A  	fcall	_dataCtrl
   465                           
   466                           ;LE2-3.c: 126: charCount++;
   467  075C  3001               	movlw	1
   468  075D  07F8               	addwf	main@charCount,f
   469  075E  1803               	skipnc
   470  075F  0AF9               	incf	main@charCount+1,f
   471  0760  3000               	movlw	0
   472  0761  07F9               	addwf	main@charCount+1,f
   473  0762                     l640:	
   474                           
   475                           ;LE2-3.c: 127: }
   476                           ;LE2-3.c: 129: if (VAL == 0x05)
   477  0762  087C               	movf	main@VAL,w
   478  0763  3A05               	xorlw	5
   479  0764  1D03               	skipz
   480  0765  2F70               	goto	l646
   481                           
   482                           ;LE2-3.c: 130: {
   483                           ;LE2-3.c: 131: PORTA = 0x05;
   484  0766  3005               	movlw	5
   485  0767  1283               	bcf	3,5	;RP0=0, select bank0
   486  0768  1303               	bcf	3,6	;RP1=0, select bank0
   487  0769  0085               	movwf	5	;volatile
   488                           
   489                           ;LE2-3.c: 132: dataCtrl('5');
   490  076A  3035               	movlw	53
   491  076B  120A  118A  263D  120A  118A  	fcall	_dataCtrl
   492  0770                     l646:	
   493                           
   494                           ;LE2-3.c: 133: }
   495                           ;LE2-3.c: 135: if (VAL == 0x06)
   496  0770  087C               	movf	main@VAL,w
   497  0771  3A06               	xorlw	6
   498  0772  1D03               	skipz
   499  0773  2F84               	goto	l654
   500                           
   501                           ;LE2-3.c: 136: {
   502                           ;LE2-3.c: 137: PORTA = 0x06;
   503  0774  3006               	movlw	6
   504  0775  1283               	bcf	3,5	;RP0=0, select bank0
   505  0776  1303               	bcf	3,6	;RP1=0, select bank0
   506  0777  0085               	movwf	5	;volatile
   507                           
   508                           ;LE2-3.c: 138: dataCtrl('6');
   509  0778  3036               	movlw	54
   510  0779  120A  118A  263D  120A  118A  	fcall	_dataCtrl
   511                           
   512                           ;LE2-3.c: 139: charCount++;
   513  077E  3001               	movlw	1
   514  077F  07F8               	addwf	main@charCount,f
   515  0780  1803               	skipnc
   516  0781  0AF9               	incf	main@charCount+1,f
   517  0782  3000               	movlw	0
   518  0783  07F9               	addwf	main@charCount+1,f
   519  0784                     l654:	
   520                           
   521                           ;LE2-3.c: 140: }
   522                           ;LE2-3.c: 142: if (VAL == 0x08)
   523  0784  087C               	movf	main@VAL,w
   524  0785  3A08               	xorlw	8
   525  0786  1D03               	skipz
   526  0787  2F98               	goto	l662
   527                           
   528                           ;LE2-3.c: 143: {
   529                           ;LE2-3.c: 144: PORTA = 0x07;
   530  0788  3007               	movlw	7
   531  0789  1283               	bcf	3,5	;RP0=0, select bank0
   532  078A  1303               	bcf	3,6	;RP1=0, select bank0
   533  078B  0085               	movwf	5	;volatile
   534                           
   535                           ;LE2-3.c: 145: dataCtrl('7');
   536  078C  3037               	movlw	55
   537  078D  120A  118A  263D  120A  118A  	fcall	_dataCtrl
   538                           
   539                           ;LE2-3.c: 146: charCount++;
   540  0792  3001               	movlw	1
   541  0793  07F8               	addwf	main@charCount,f
   542  0794  1803               	skipnc
   543  0795  0AF9               	incf	main@charCount+1,f
   544  0796  3000               	movlw	0
   545  0797  07F9               	addwf	main@charCount+1,f
   546  0798                     l662:	
   547                           
   548                           ;LE2-3.c: 147: }
   549                           ;LE2-3.c: 149: if (VAL == 0x09)
   550  0798  087C               	movf	main@VAL,w
   551  0799  3A09               	xorlw	9
   552  079A  1D03               	skipz
   553  079B  2FAC               	goto	l670
   554                           
   555                           ;LE2-3.c: 150: {
   556                           ;LE2-3.c: 151: PORTA = 0x08;
   557  079C  3008               	movlw	8
   558  079D  1283               	bcf	3,5	;RP0=0, select bank0
   559  079E  1303               	bcf	3,6	;RP1=0, select bank0
   560  079F  0085               	movwf	5	;volatile
   561                           
   562                           ;LE2-3.c: 152: dataCtrl('8');
   563  07A0  3038               	movlw	56
   564  07A1  120A  118A  263D  120A  118A  	fcall	_dataCtrl
   565                           
   566                           ;LE2-3.c: 153: charCount++;
   567  07A6  3001               	movlw	1
   568  07A7  07F8               	addwf	main@charCount,f
   569  07A8  1803               	skipnc
   570  07A9  0AF9               	incf	main@charCount+1,f
   571  07AA  3000               	movlw	0
   572  07AB  07F9               	addwf	main@charCount+1,f
   573  07AC                     l670:	
   574                           
   575                           ;LE2-3.c: 154: }
   576                           ;LE2-3.c: 156: if (VAL == 0x0A)
   577  07AC  087C               	movf	main@VAL,w
   578  07AD  3A0A               	xorlw	10
   579  07AE  1D03               	skipz
   580  07AF  2FC0               	goto	l678
   581                           
   582                           ;LE2-3.c: 157: {
   583                           ;LE2-3.c: 158: PORTA = 0x09;
   584  07B0  3009               	movlw	9
   585  07B1  1283               	bcf	3,5	;RP0=0, select bank0
   586  07B2  1303               	bcf	3,6	;RP1=0, select bank0
   587  07B3  0085               	movwf	5	;volatile
   588                           
   589                           ;LE2-3.c: 159: dataCtrl('9');
   590  07B4  3039               	movlw	57
   591  07B5  120A  118A  263D  120A  118A  	fcall	_dataCtrl
   592                           
   593                           ;LE2-3.c: 160: charCount++;
   594  07BA  3001               	movlw	1
   595  07BB  07F8               	addwf	main@charCount,f
   596  07BC  1803               	skipnc
   597  07BD  0AF9               	incf	main@charCount+1,f
   598  07BE  3000               	movlw	0
   599  07BF  07F9               	addwf	main@charCount+1,f
   600  07C0                     l678:	
   601                           
   602                           ;LE2-3.c: 161: }
   603                           ;LE2-3.c: 163: if (VAL == 0x0C)
   604  07C0  087C               	movf	main@VAL,w
   605  07C1  3A0C               	xorlw	12
   606  07C2  1D03               	skipz
   607  07C3  2FD4               	goto	l686
   608                           
   609                           ;LE2-3.c: 164: {
   610                           ;LE2-3.c: 165: PORTA = 0x0A;
   611  07C4  300A               	movlw	10
   612  07C5  1283               	bcf	3,5	;RP0=0, select bank0
   613  07C6  1303               	bcf	3,6	;RP1=0, select bank0
   614  07C7  0085               	movwf	5	;volatile
   615                           
   616                           ;LE2-3.c: 166: dataCtrl('*');
   617  07C8  302A               	movlw	42
   618  07C9  120A  118A  263D  120A  118A  	fcall	_dataCtrl
   619                           
   620                           ;LE2-3.c: 167: charCount++;
   621  07CE  3001               	movlw	1
   622  07CF  07F8               	addwf	main@charCount,f
   623  07D0  1803               	skipnc
   624  07D1  0AF9               	incf	main@charCount+1,f
   625  07D2  3000               	movlw	0
   626  07D3  07F9               	addwf	main@charCount+1,f
   627  07D4                     l686:	
   628                           
   629                           ;LE2-3.c: 168: }
   630                           ;LE2-3.c: 170: if (VAL == 0x0D)
   631  07D4  087C               	movf	main@VAL,w
   632  07D5  3A0D               	xorlw	13
   633  07D6  1D03               	skipz
   634  07D7  2FE7               	goto	l694
   635                           
   636                           ;LE2-3.c: 171: {
   637                           ;LE2-3.c: 172: PORTA = 0x00;
   638  07D8  1283               	bcf	3,5	;RP0=0, select bank0
   639  07D9  1303               	bcf	3,6	;RP1=0, select bank0
   640  07DA  0185               	clrf	5	;volatile
   641                           
   642                           ;LE2-3.c: 173: dataCtrl('0');
   643  07DB  3030               	movlw	48
   644  07DC  120A  118A  263D  120A  118A  	fcall	_dataCtrl
   645                           
   646                           ;LE2-3.c: 174: charCount++;
   647  07E1  3001               	movlw	1
   648  07E2  07F8               	addwf	main@charCount,f
   649  07E3  1803               	skipnc
   650  07E4  0AF9               	incf	main@charCount+1,f
   651  07E5  3000               	movlw	0
   652  07E6  07F9               	addwf	main@charCount+1,f
   653  07E7                     l694:	
   654                           
   655                           ;LE2-3.c: 175: }
   656                           ;LE2-3.c: 177: if (VAL == 0x0E)
   657  07E7  087C               	movf	main@VAL,w
   658  07E8  3A0E               	xorlw	14
   659  07E9  1D03               	skipz
   660  07EA  2EC5               	goto	l568
   661                           
   662                           ;LE2-3.c: 178: {
   663                           ;LE2-3.c: 179: PORTA = 0x0B;
   664  07EB  300B               	movlw	11
   665  07EC  1283               	bcf	3,5	;RP0=0, select bank0
   666  07ED  1303               	bcf	3,6	;RP1=0, select bank0
   667  07EE  0085               	movwf	5	;volatile
   668                           
   669                           ;LE2-3.c: 180: dataCtrl('#');
   670  07EF  3023               	movlw	35
   671  07F0  120A  118A  263D  120A  118A  	fcall	_dataCtrl
   672                           
   673                           ;LE2-3.c: 181: charCount++;
   674  07F5  3001               	movlw	1
   675  07F6  07F8               	addwf	main@charCount,f
   676  07F7  1803               	skipnc
   677  07F8  0AF9               	incf	main@charCount+1,f
   678  07F9  3000               	movlw	0
   679  07FA  07F9               	addwf	main@charCount+1,f
   680  07FB  2EC5               	goto	l568
   681  07FC                     __end_of_main:	
   682                           
   683                           	psect	text1
   684  0661                     __ptext1:	
   685 ;; *************** function _initLCD *****************
   686 ;; Defined at:
   687 ;;		line 41 in file "C:\Users\parra\OneDrive\Desktop\Folders\School\CPE3201\PracAct#2\Version2\LE2-3.c"
   688 ;; Parameters:    Size  Location     Type
   689 ;;		None
   690 ;; Auto vars:     Size  Location     Type
   691 ;;		None
   692 ;; Return value:  Size  Location     Type
   693 ;;		None               void
   694 ;; Registers used:
   695 ;;		wreg, status,2, status,0, pclath, cstack
   696 ;; Tracked objects:
   697 ;;		On entry : 0/0
   698 ;;		On exit  : 0/0
   699 ;;		Unchanged: 0/0
   700 ;; Data sizes:     COMMON   BANK0   BANK1   BANK3   BANK2
   701 ;;      Params:         0       0       0       0       0
   702 ;;      Locals:         0       0       0       0       0
   703 ;;      Temps:          0       0       0       0       0
   704 ;;      Totals:         0       0       0       0       0
   705 ;;Total ram usage:        0 bytes
   706 ;; Hardware stack levels used:    1
   707 ;; Hardware stack levels required when called:    2
   708 ;; This function calls:
   709 ;;		_delay
   710 ;;		_instCtrl
   711 ;; This function is called by:
   712 ;;		_main
   713 ;; This function uses a non-reentrant model
   714 ;;
   715                           
   716                           
   717                           ;psect for function _initLCD
   718  0661                     _initLCD:	
   719                           
   720                           ;LE2-3.c: 43: delay(1);
   721                           
   722                           ;incstack = 0
   723                           ; Regs used in _initLCD: [wreg+status,2+status,0+pclath+cstack]
   724  0661  3001               	movlw	1
   725  0662  00F0               	movwf	delay@MUL
   726  0663  3000               	movlw	0
   727  0664  00F1               	movwf	delay@MUL+1
   728  0665  120A  118A  2687  120A  118A  	fcall	_delay
   729                           
   730                           ;LE2-3.c: 44: instCtrl(0x38);
   731  066A  3038               	movlw	56
   732  066B  120A  118A  264F  120A  118A  	fcall	_instCtrl
   733                           
   734                           ;LE2-3.c: 45: instCtrl(0x08);
   735  0670  3008               	movlw	8
   736  0671  120A  118A  264F  120A  118A  	fcall	_instCtrl
   737                           
   738                           ;LE2-3.c: 46: instCtrl(0x01);
   739  0676  3001               	movlw	1
   740  0677  120A  118A  264F  120A  118A  	fcall	_instCtrl
   741                           
   742                           ;LE2-3.c: 47: instCtrl(0x06);
   743  067C  3006               	movlw	6
   744  067D  120A  118A  264F  120A  118A  	fcall	_instCtrl
   745                           
   746                           ;LE2-3.c: 48: instCtrl(0x0C);
   747  0682  300C               	movlw	12
   748  0683  120A  118A  264F   	fcall	_instCtrl
   749  0686  0008               	return
   750  0687                     __end_of_initLCD:	
   751                           
   752                           	psect	text2
   753  064F                     __ptext2:	
   754 ;; *************** function _instCtrl *****************
   755 ;; Defined at:
   756 ;;		line 23 in file "C:\Users\parra\OneDrive\Desktop\Folders\School\CPE3201\PracAct#2\Version2\LE2-3.c"
   757 ;; Parameters:    Size  Location     Type
   758 ;;  INST            1    wreg     unsigned char 
   759 ;; Auto vars:     Size  Location     Type
   760 ;;  INST            1    6[COMMON] unsigned char 
   761 ;; Return value:  Size  Location     Type
   762 ;;		None               void
   763 ;; Registers used:
   764 ;;		wreg, status,2, status,0, pclath, cstack
   765 ;; Tracked objects:
   766 ;;		On entry : 0/0
   767 ;;		On exit  : 0/0
   768 ;;		Unchanged: 0/0
   769 ;; Data sizes:     COMMON   BANK0   BANK1   BANK3   BANK2
   770 ;;      Params:         0       0       0       0       0
   771 ;;      Locals:         1       0       0       0       0
   772 ;;      Temps:          0       0       0       0       0
   773 ;;      Totals:         1       0       0       0       0
   774 ;;Total ram usage:        1 bytes
   775 ;; Hardware stack levels used:    1
   776 ;; Hardware stack levels required when called:    1
   777 ;; This function calls:
   778 ;;		_delay
   779 ;; This function is called by:
   780 ;;		_initLCD
   781 ;;		_main
   782 ;; This function uses a non-reentrant model
   783 ;;
   784                           
   785                           
   786                           ;psect for function _instCtrl
   787  064F                     _instCtrl:	
   788                           
   789                           ;incstack = 0
   790                           ; Regs used in _instCtrl: [wreg+status,2+status,0+pclath+cstack]
   791                           ;instCtrl@INST stored from wreg
   792  064F  00F6               	movwf	instCtrl@INST
   793                           
   794                           ;LE2-3.c: 25: PORTB = INST;
   795  0650  0876               	movf	instCtrl@INST,w
   796  0651  1283               	bcf	3,5	;RP0=0, select bank0
   797  0652  1303               	bcf	3,6	;RP1=0, select bank0
   798  0653  0086               	movwf	6	;volatile
   799                           
   800                           ;LE2-3.c: 26: RC0 = 0;
   801  0654  1007               	bcf	7,0	;volatile
   802                           
   803                           ;LE2-3.c: 27: RC1 = 1;
   804  0655  1487               	bsf	7,1	;volatile
   805                           
   806                           ;LE2-3.c: 28: delay(1);
   807  0656  3001               	movlw	1
   808  0657  00F0               	movwf	delay@MUL
   809  0658  3000               	movlw	0
   810  0659  00F1               	movwf	delay@MUL+1
   811  065A  120A  118A  2687   	fcall	_delay
   812                           
   813                           ;LE2-3.c: 29: RC1 = 0;
   814  065D  1283               	bcf	3,5	;RP0=0, select bank0
   815  065E  1303               	bcf	3,6	;RP1=0, select bank0
   816  065F  1087               	bcf	7,1	;volatile
   817  0660  0008               	return
   818  0661                     __end_of_instCtrl:	
   819                           
   820                           	psect	text3
   821  063D                     __ptext3:	
   822 ;; *************** function _dataCtrl *****************
   823 ;; Defined at:
   824 ;;		line 32 in file "C:\Users\parra\OneDrive\Desktop\Folders\School\CPE3201\PracAct#2\Version2\LE2-3.c"
   825 ;; Parameters:    Size  Location     Type
   826 ;;  DATA            1    wreg     unsigned char 
   827 ;; Auto vars:     Size  Location     Type
   828 ;;  DATA            1    6[COMMON] unsigned char 
   829 ;; Return value:  Size  Location     Type
   830 ;;		None               void
   831 ;; Registers used:
   832 ;;		wreg, status,2, status,0, pclath, cstack
   833 ;; Tracked objects:
   834 ;;		On entry : 0/0
   835 ;;		On exit  : 0/0
   836 ;;		Unchanged: 0/0
   837 ;; Data sizes:     COMMON   BANK0   BANK1   BANK3   BANK2
   838 ;;      Params:         0       0       0       0       0
   839 ;;      Locals:         1       0       0       0       0
   840 ;;      Temps:          0       0       0       0       0
   841 ;;      Totals:         1       0       0       0       0
   842 ;;Total ram usage:        1 bytes
   843 ;; Hardware stack levels used:    1
   844 ;; Hardware stack levels required when called:    1
   845 ;; This function calls:
   846 ;;		_delay
   847 ;; This function is called by:
   848 ;;		_main
   849 ;; This function uses a non-reentrant model
   850 ;;
   851                           
   852                           
   853                           ;psect for function _dataCtrl
   854  063D                     _dataCtrl:	
   855                           
   856                           ;incstack = 0
   857                           ; Regs used in _dataCtrl: [wreg+status,2+status,0+pclath+cstack]
   858                           ;dataCtrl@DATA stored from wreg
   859  063D  00F6               	movwf	dataCtrl@DATA
   860                           
   861                           ;LE2-3.c: 34: PORTB = DATA;
   862  063E  0876               	movf	dataCtrl@DATA,w
   863  063F  1283               	bcf	3,5	;RP0=0, select bank0
   864  0640  1303               	bcf	3,6	;RP1=0, select bank0
   865  0641  0086               	movwf	6	;volatile
   866                           
   867                           ;LE2-3.c: 35: RC0 = 1;
   868  0642  1407               	bsf	7,0	;volatile
   869                           
   870                           ;LE2-3.c: 36: RC1 = 1;
   871  0643  1487               	bsf	7,1	;volatile
   872                           
   873                           ;LE2-3.c: 37: delay(1);
   874  0644  3001               	movlw	1
   875  0645  00F0               	movwf	delay@MUL
   876  0646  3000               	movlw	0
   877  0647  00F1               	movwf	delay@MUL+1
   878  0648  120A  118A  2687   	fcall	_delay
   879                           
   880                           ;LE2-3.c: 38: RC1 = 0;
   881  064B  1283               	bcf	3,5	;RP0=0, select bank0
   882  064C  1303               	bcf	3,6	;RP1=0, select bank0
   883  064D  1087               	bcf	7,1	;volatile
   884  064E  0008               	return
   885  064F                     __end_of_dataCtrl:	
   886                           
   887                           	psect	text4
   888  0687                     __ptext4:	
   889 ;; *************** function _delay *****************
   890 ;; Defined at:
   891 ;;		line 12 in file "C:\Users\parra\OneDrive\Desktop\Folders\School\CPE3201\PracAct#2\Version2\LE2-3.c"
   892 ;; Parameters:    Size  Location     Type
   893 ;;  MUL             2    0[COMMON] unsigned int 
   894 ;; Auto vars:     Size  Location     Type
   895 ;;  j               2    4[COMMON] unsigned int 
   896 ;;  i               2    2[COMMON] unsigned int 
   897 ;; Return value:  Size  Location     Type
   898 ;;		None               void
   899 ;; Registers used:
   900 ;;		wreg, status,2, status,0
   901 ;; Tracked objects:
   902 ;;		On entry : 0/0
   903 ;;		On exit  : 0/0
   904 ;;		Unchanged: 0/0
   905 ;; Data sizes:     COMMON   BANK0   BANK1   BANK3   BANK2
   906 ;;      Params:         2       0       0       0       0
   907 ;;      Locals:         4       0       0       0       0
   908 ;;      Temps:          0       0       0       0       0
   909 ;;      Totals:         6       0       0       0       0
   910 ;;Total ram usage:        6 bytes
   911 ;; Hardware stack levels used:    1
   912 ;; This function calls:
   913 ;;		Nothing
   914 ;; This function is called by:
   915 ;;		_instCtrl
   916 ;;		_dataCtrl
   917 ;;		_initLCD
   918 ;;		_main
   919 ;; This function uses a non-reentrant model
   920 ;;
   921                           
   922                           
   923                           ;psect for function _delay
   924  0687                     _delay:	
   925                           
   926                           ;LE2-3.c: 14: unsigned int i, j;
   927                           ;LE2-3.c: 16: for (i = MUL; i != 0; i--)
   928                           
   929                           ;incstack = 0
   930                           ; Regs used in _delay: [wreg+status,2+status,0]
   931  0687  0871               	movf	delay@MUL+1,w
   932  0688  01F3               	clrf	delay@i+1
   933  0689  07F3               	addwf	delay@i+1,f
   934  068A  0870               	movf	delay@MUL,w
   935  068B  01F2               	clrf	delay@i
   936  068C  07F2               	addwf	delay@i,f
   937  068D                     L3:	
   938  068D  0873               	movf	delay@i+1,w
   939  068E  0472               	iorwf	delay@i,w
   940  068F  1903               	btfsc	3,2
   941  0690  0008               	return
   942                           
   943                           ;LE2-3.c: 17: {
   944                           ;LE2-3.c: 18: for (j = 0; j < 256; j++)
   945  0691  01F4               	clrf	delay@j
   946  0692  01F5               	clrf	delay@j+1
   947  0693  3001               	movlw	1
   948  0694  0275               	subwf	delay@j+1,w
   949  0695  3000               	movlw	0
   950  0696  1903               	skipnz
   951  0697  0274               	subwf	delay@j,w
   952  0698  1803               	btfsc	3,0
   953  0699  2EA7               	goto	l532
   954  069A                     l530:	
   955                           
   956                           ;LE2-3.c: 19: ;
   957  069A  3001               	movlw	1
   958  069B  07F4               	addwf	delay@j,f
   959  069C  1803               	skipnc
   960  069D  0AF5               	incf	delay@j+1,f
   961  069E  3000               	movlw	0
   962  069F  07F5               	addwf	delay@j+1,f
   963  06A0  3001               	movlw	1
   964  06A1  0275               	subwf	delay@j+1,w
   965  06A2  3000               	movlw	0
   966  06A3  1903               	skipnz
   967  06A4  0274               	subwf	delay@j,w
   968  06A5  1C03               	skipc
   969  06A6  2E9A               	goto	l530
   970  06A7                     l532:	
   971  06A7  3001               	movlw	1
   972  06A8  02F2               	subwf	delay@i,f
   973  06A9  3000               	movlw	0
   974  06AA  1C03               	skipc
   975  06AB  03F3               	decf	delay@i+1,f
   976  06AC  02F3               	subwf	delay@i+1,f
   977  06AD  2E8D               	goto	L3
   978  06AE                     __end_of_delay:	
   979  007E                     btemp	set	126	;btemp
   980  007E                     wtemp	set	126
   981  007E                     wtemp0	set	126
   982  0080                     wtemp1	set	128
   983  0082                     wtemp2	set	130
   984  0084                     wtemp3	set	132
   985  0086                     wtemp4	set	134
   986  0088                     wtemp5	set	136
   987  007F                     wtemp6	set	127
   988  007E                     ttemp	set	126
   989  007E                     ttemp0	set	126
   990  0081                     ttemp1	set	129
   991  0084                     ttemp2	set	132
   992  0087                     ttemp3	set	135
   993  007F                     ttemp4	set	127
   994  007E                     ltemp	set	126
   995  007E                     ltemp0	set	126
   996  0082                     ltemp1	set	130
   997  0086                     ltemp2	set	134
   998  0080                     ltemp3	set	128


Data Sizes:
    Strings     0
    Constant    0
    Data        0
    BSS         0
    Persistent  0
    Stack       0

Auto Spaces:
    Space          Size  Autos    Used
    COMMON           14     13      13
    BANK0            80      0       0
    BANK1            80      0       0
    BANK3            96      0       0
    BANK2            96      0       0

Pointer List with Targets:

    None.

Critical Paths under _main in COMMON

    _main->_dataCtrl
    _main->_instCtrl
    _initLCD->_instCtrl
    _instCtrl->_delay
    _dataCtrl->_delay

Critical Paths under _main in BANK0

    None.

Critical Paths under _main in BANK1

    None.

Critical Paths under _main in BANK3

    None.

Critical Paths under _main in BANK2

    None.

Call Graph Tables:

 ---------------------------------------------------------------------------------
 (Depth) Function   	        Calls       Base Space   Used Autos Params    Refs
 ---------------------------------------------------------------------------------
 (0) _main                                                 6     6      0    1535
                                              7 COMMON     6     6      0
                           _dataCtrl
                              _delay
                            _initLCD
                           _instCtrl
 ---------------------------------------------------------------------------------
 (1) _initLCD                                              0     0      0     509
                              _delay
                           _instCtrl
 ---------------------------------------------------------------------------------
 (1) _instCtrl                                             1     1      0     262
                                              6 COMMON     1     1      0
                              _delay
 ---------------------------------------------------------------------------------
 (1) _dataCtrl                                             1     1      0     262
                                              6 COMMON     1     1      0
                              _delay
 ---------------------------------------------------------------------------------
 (2) _delay                                                6     4      2     247
                                              0 COMMON     6     4      2
 ---------------------------------------------------------------------------------
 Estimated maximum stack depth 2
 ---------------------------------------------------------------------------------

 Call Graph Graphs:

 _main (ROOT)
   _dataCtrl
     _delay
   _delay
   _initLCD
     _delay
     _instCtrl
       _delay
   _instCtrl
     _delay

 Address spaces:
Name               Size   Autos  Total    Cost      Usage
BITCOMMON            E      0       0       0        0.0%
EEDATA             100      0       0       0        0.0%
NULL                 0      0       0       0        0.0%
CODE                 0      0       0       0        0.0%
COMMON               E      D       D       1       92.9%
BITSFR0              0      0       0       1        0.0%
SFR0                 0      0       0       1        0.0%
BITSFR1              0      0       0       2        0.0%
SFR1                 0      0       0       2        0.0%
STACK                0      0       0       2        0.0%
ABS                  0      0       0       3        0.0%
BITBANK0            50      0       0       4        0.0%
BITSFR3              0      0       0       4        0.0%
SFR3                 0      0       0       4        0.0%
BANK0               50      0       0       5        0.0%
BITSFR2              0      0       0       5        0.0%
SFR2                 0      0       0       5        0.0%
BITBANK1            50      0       0       6        0.0%
BANK1               50      0       0       7        0.0%
BITBANK3            60      0       0       8        0.0%
BANK3               60      0       0       9        0.0%
BITBANK2            60      0       0      10        0.0%
BANK2               60      0       0      11        0.0%
DATA                 0      0       0      12        0.0%


Microchip Technology PIC Macro Assembler V1.33 build 59893 
Symbol Table                                                                                   Wed Mar 04 23:07:13 2026

            __CFG_CP$OFF 0000                      l600 06FC                      l530 069A  
                    l532 06A7                      l606 0711                      l640 0762  
                    l632 074E                      l624 073A                      l616 0726  
                    l608 0713                      l670 07AC                      l662 0798  
                    l654 0784                      l646 0770                      l592 06EA  
                    l584 06E3                      l568 06C5                      l694 07E7  
                    l686 07D4                      l678 07C0                      _RC0 0038  
                    _RC1 0039                      _RD4 0044             __CFG_CPD$OFF 0000  
           __CFG_FOSC$XT 0000             __CFG_LVP$OFF 0000             __CFG_WRT$OFF 0000  
                   _main 06AE                     btemp 007E            __CFG_BOREN$ON 0000  
                   ltemp 007E                     start 0000                     ttemp 007E  
                   wtemp 007E                    ?_main 0070            __CFG_WDTE$OFF 0000  
                  _PORTA 0005                    _PORTB 0006                    _PORTD 0008  
                  _TRISB 0086                    _TRISC 0087                    _TRISD 0088  
          __CFG_PWRTE$ON 0000          __end_of_initLCD 0687                    _delay 0687  
           main@rowCount 007A                    ltemp0 007E                    ltemp1 0082  
                  ltemp2 0086                    ltemp3 0080                    ttemp0 007E  
                  ttemp1 0081                    ttemp2 0084                    ttemp3 0087  
                  ttemp4 007F                    status 0003                    wtemp0 007E  
                  wtemp1 0080                    wtemp2 0082                    wtemp3 0084  
                  wtemp4 0086                    wtemp5 0088                    wtemp6 007F  
        __initialization 07FC            main@charCount 0078             __end_of_main 07FC  
                 ??_main 0077                   ?_delay 0070         __end_of_dataCtrl 064F  
                 delay@i 0072                   delay@j 0074         __end_of_instCtrl 0661  
              ??_initLCD 0077  __end_of__initialization 07FC           __pcstackCOMMON 0070  
          __end_of_delay 06AE                  ??_delay 0072               __pmaintext 06AE  
              ?_dataCtrl 0070                ?_instCtrl 0070                  __ptext0 0000  
                __ptext1 0661                  __ptext2 064F                  __ptext3 063D  
                __ptext4 0687                  _initLCD 0661               ??_dataCtrl 0076  
                main@VAL 007C     end_of_initialization 07FC               ??_instCtrl 0076  
           instCtrl@INST 0076      start_initialization 07FC             dataCtrl@DATA 0076  
              ___latbits 0002        __size_of_dataCtrl 0012        __size_of_instCtrl 0012  
               ?_initLCD 0070           __size_of_delay 0027                 _dataCtrl 063D  
       __size_of_initLCD 0026            __size_of_main 014E                 delay@MUL 0070  
               _instCtrl 064F  
